<?xml version="1.0" encoding="UTF-8"?>
<!-- Generated by org.testng.reporters.JUnitXMLReporter -->
<testsuite ignored="0" hostname="jafar" failures="0" tests="4" name="Default test" time="4.682" errors="0" timestamp="٢٠٢٦-٠١-١٧T٢٢:٥٤:٢٩ EET">
  <testcase classname="database" name="inserttotable" time="0.043"/>
  <testcase classname="database" name="UpdateTheData" time="1.018"/>
  <testcase classname="database" name="ReadTheDataInsideTheBrowser" time="0.703"/>
  <testcase classname="database" name="DeleteQuery" time="0.01"/>
</testsuite> <!-- Default test -->
