<?xml version="1.0" encoding="UTF-8"?>
<testng-results ignored="0" total="4" passed="4" failed="0" skipped="0">
  <reporter-output>
  </reporter-output>
  <suite started-at="٢٠٢٦-٠١-١٧T٢٢:٥٤:٢٤ EET" name="Default suite" finished-at="٢٠٢٦-٠١-١٧T٢٢:٥٤:٢٩ EET" duration-ms="4682">
    <groups>
    </groups>
    <test started-at="٢٠٢٦-٠١-١٧T٢٢:٥٤:٢٤ EET" name="Default test" finished-at="٢٠٢٦-٠١-١٧T٢٢:٥٤:٢٩ EET" duration-ms="4682">
      <class name="database">
        <test-method is-config="true" signature="mysetup()[pri:0, instance:database@6c45ee6e]" started-at="٢٠٢٦-٠١-١٧T٢٢:٥٤:٢٤ EET" name="mysetup" finished-at="٢٠٢٦-٠١-١٧T٢٢:٥٤:٢٧ EET" duration-ms="2797" status="PASS">
          <reporter-output>
          </reporter-output>
        </test-method> <!-- mysetup -->
        <test-method signature="inserttotable()[pri:1, instance:database@6c45ee6e]" started-at="٢٠٢٦-٠١-١٧T٢٢:٥٤:٢٧ EET" name="inserttotable" finished-at="٢٠٢٦-٠١-١٧T٢٢:٥٤:٢٧ EET" duration-ms="43" status="PASS">
          <reporter-output>
          </reporter-output>
        </test-method> <!-- inserttotable -->
        <test-method signature="UpdateTheData()[pri:2, instance:database@6c45ee6e]" started-at="٢٠٢٦-٠١-١٧T٢٢:٥٤:٢٧ EET" name="UpdateTheData" finished-at="٢٠٢٦-٠١-١٧T٢٢:٥٤:٢٨ EET" duration-ms="1018" status="PASS">
          <reporter-output>
          </reporter-output>
        </test-method> <!-- UpdateTheData -->
        <test-method signature="ReadTheDataInsideTheBrowser()[pri:3, instance:database@6c45ee6e]" started-at="٢٠٢٦-٠١-١٧T٢٢:٥٤:٢٨ EET" name="ReadTheDataInsideTheBrowser" finished-at="٢٠٢٦-٠١-١٧T٢٢:٥٤:٢٩ EET" duration-ms="703" status="PASS">
          <reporter-output>
          </reporter-output>
        </test-method> <!-- ReadTheDataInsideTheBrowser -->
        <test-method signature="DeleteQuery()[pri:4, instance:database@6c45ee6e]" started-at="٢٠٢٦-٠١-١٧T٢٢:٥٤:٢٩ EET" name="DeleteQuery" finished-at="٢٠٢٦-٠١-١٧T٢٢:٥٤:٢٩ EET" duration-ms="10" status="PASS">
          <reporter-output>
          </reporter-output>
        </test-method> <!-- DeleteQuery -->
      </class> <!-- database -->
    </test> <!-- Default test -->
  </suite> <!-- Default suite -->
</testng-results>
