<?xml version="1.0" encoding="UTF-8"?>
<testng-results ignored="0" total="2" passed="2" failed="0" skipped="0">
  <reporter-output>
  </reporter-output>
  <suite started-at="٢٠٢٦-٠١-١٣T٢٠:٠٩:٢٩ EET" name="Default suite" finished-at="٢٠٢٦-٠١-١٣T٢٠:٠٩:٣٥ EET" duration-ms="6088">
    <groups>
    </groups>
    <test started-at="٢٠٢٦-٠١-١٣T٢٠:٠٩:٢٩ EET" name="Default test" finished-at="٢٠٢٦-٠١-١٣T٢٠:٠٩:٣٥ EET" duration-ms="6088">
      <class name="database">
        <test-method is-config="true" signature="mysetup()[pri:0, instance:database@3016fd5e]" started-at="٢٠٢٦-٠١-١٣T٢٠:٠٩:٢٩ EET" name="mysetup" finished-at="٢٠٢٦-٠١-١٣T٢٠:٠٩:٣٢ EET" duration-ms="3332" status="PASS">
          <reporter-output>
          </reporter-output>
        </test-method> <!-- mysetup -->
        <test-method signature="UpdateTheData()[pri:1, instance:database@3016fd5e]" started-at="٢٠٢٦-٠١-١٣T٢٠:٠٩:٣٢ EET" name="UpdateTheData" finished-at="٢٠٢٦-٠١-١٣T٢٠:٠٩:٣٤ EET" duration-ms="2065" status="PASS">
          <reporter-output>
          </reporter-output>
        </test-method> <!-- UpdateTheData -->
        <test-method signature="ReadTheDataInsideTheBrowser()[pri:2, instance:database@3016fd5e]" started-at="٢٠٢٦-٠١-١٣T٢٠:٠٩:٣٤ EET" name="ReadTheDataInsideTheBrowser" finished-at="٢٠٢٦-٠١-١٣T٢٠:٠٩:٣٥ EET" duration-ms="570" status="PASS">
          <reporter-output>
          </reporter-output>
        </test-method> <!-- ReadTheDataInsideTheBrowser -->
      </class> <!-- database -->
    </test> <!-- Default test -->
  </suite> <!-- Default suite -->
</testng-results>
