<?xml version="1.0" encoding="UTF-8"?>
<!-- Generated by org.testng.reporters.JUnitReportReporter -->
<testsuite hostname="jafar" failures="0" tests="6" name="Automation8" time="٢٩.٢٧٣" errors="0" timestamp="٢٠٢٥-١٢-٢٧T٢٢:٠٣:١٨ EET" skipped="0">
  <testcase classname="Automation8" name="signup" time="٩.٣٩٧"/>
  <testcase classname="Automation8" name="signup" time="٨.٩٥١"/>
  <testcase classname="Automation8" name="signup" time="٦.٢٠٣"/>
  <testcase classname="Automation8" name="login" time="١.١١٢"/>
  <testcase classname="Automation8" name="login" time="١.٦١٠"/>
  <testcase classname="Automation8" name="login" time="٢.٠٠٠"/>
</testsuite> <!-- Automation8 -->
