<?xml version="1.0" encoding="UTF-8"?>
<!-- Generated by org.testng.reporters.JUnitReportReporter -->
<testsuite hostname="jafar" failures="0" tests="4" name="Automaton7" time="١٧.٣٧١" errors="0" timestamp="٢٠٢٥-١٢-٣٠T١٦:٣٢:١١ EET" skipped="0">
  <testcase classname="Automaton7" name="signup" time="١٠.٧٢٩"/>
  <testcase classname="Automaton7" name="Logout" time="١.٧٩٨"/>
  <testcase classname="Automaton7" name="Login" time="٠.٥١٨"/>
  <testcase classname="Automaton7" name="DeleteAccount" time="٤.٣٢٦"/>
</testsuite> <!-- Automaton7 -->
