<?xml version="1.0" encoding="UTF-8"?>
<!-- Generated by org.testng.reporters.JUnitReportReporter -->
<testsuite hostname="jafar" failures="0" tests="4" name="database" time="١.٧٧٤" errors="0" timestamp="٢٠٢٦-٠١-١٧T٢٢:٥٤:٢٩ EET" skipped="0">
  <testcase classname="database" name="inserttotable" time="٠.٠٤٣"/>
  <testcase classname="database" name="UpdateTheData" time="١.٠١٨"/>
  <testcase classname="database" name="ReadTheDataInsideTheBrowser" time="٠.٧٠٣"/>
  <testcase classname="database" name="DeleteQuery" time="٠.٠١٠"/>
</testsuite> <!-- database -->
