<?xml version="1.0" encoding="UTF-8"?>
<!-- Generated by org.testng.reporters.JUnitReportReporter -->
<testsuite hostname="jafar" failures="0" tests="12" name="Automtion11" time="٤.٥٠٠" errors="0" timestamp="٢٠٢٦-٠١-١٢T٢٢:١٩:٣٦ EET" skipped="11">
  <testcase classname="Automtion11" name="iFrameExample" time="٤.٥٠٠"/>
  <testcase classname="Automtion11" name="CheckboxExample">
    <skipped/>
  </testcase> <!-- CheckboxExample -->
  <testcase classname="Automtion11" name="MouseHoverExample">
    <skipped/>
  </testcase> <!-- MouseHoverExample -->
  <testcase classname="Automtion11" name="SwitchTabExample">
    <skipped/>
  </testcase> <!-- SwitchTabExample -->
  <testcase classname="Automtion11" name="SwitchWindowExample">
    <skipped/>
  </testcase> <!-- SwitchWindowExample -->
  <testcase classname="Automtion11" name="WebTableExample">
    <skipped/>
  </testcase> <!-- WebTableExample -->
  <testcase classname="Automtion11" name="StaticDropdownExample">
    <skipped/>
  </testcase> <!-- StaticDropdownExample -->
  <testcase classname="Automtion11" name="Dynamic_Dropdown_Example">
    <skipped/>
  </testcase> <!-- Dynamic_Dropdown_Example -->
  <testcase classname="Automtion11" name="EnabledDisabledExample">
    <skipped/>
  </testcase> <!-- EnabledDisabledExample -->
  <testcase classname="Automtion11" name="SwitchToAlertExample">
    <skipped/>
  </testcase> <!-- SwitchToAlertExample -->
  <testcase classname="Automtion11" name="RadioButtonExample">
    <skipped/>
  </testcase> <!-- RadioButtonExample -->
  <testcase classname="Automtion11" name="ElementDisplayedExample">
    <skipped/>
  </testcase> <!-- ElementDisplayedExample -->
</testsuite> <!-- Automtion11 -->
